<?xml version="1.0" encoding="UTF-8"?>
<!-- Generated by org.testng.reporters.JUnitReportReporter -->
<testsuite hostname="Muralisankar" failures="0" tests="6" name="api.test.DDTests" time="11.047" errors="0" timestamp="2023-07-02T01:29:21 IST" skipped="0">
  <testcase classname="api.test.DDTests" name="testPostUser" time="1.492"/>
  <system-out/>
  <testcase classname="api.test.DDTests" name="testPostUser" time="1.518"/>
  <system-out/>
  <testcase classname="api.test.DDTests" name="testPostUser" time="3.425"/>
  <system-out/>
  <testcase classname="api.test.DDTests" name="deleteUserByName" time="1.551"/>
  <system-out/>
  <testcase classname="api.test.DDTests" name="deleteUserByName" time="1.528"/>
  <system-out/>
  <testcase classname="api.test.DDTests" name="deleteUserByName" time="1.533"/>
  <system-out/>
</testsuite> <!-- api.test.DDTests -->
