<?xml version="1.0" encoding="UTF-8"?>
<!-- Generated by org.testng.reporters.JUnitReportReporter -->
<testsuite hostname="Muralisankar" failures="0" tests="4" name="api.test.UserTest2" time="10.090" errors="0" timestamp="2023-07-03T00:33:58 IST" skipped="0">
  <testcase classname="api.test.UserTest2" name="testPostUser" time="3.553"/>
  <system-out/>
  <testcase classname="api.test.UserTest2" name="testGetUserByName" time="1.524"/>
  <system-out/>
  <testcase classname="api.test.UserTest2" name="updateUserName" time="3.377"/>
  <system-out/>
  <testcase classname="api.test.UserTest2" name="deletebyUserName" time="1.636"/>
  <system-out/>
</testsuite> <!-- api.test.UserTest2 -->
