<?xml version="1.0" encoding="UTF-8"?>
<!-- Generated by org.testng.reporters.JUnitReportReporter -->
<testsuite hostname="Muralisankar" failures="0" tests="4" name="api.test.UserTest" time="9.790" errors="0" timestamp="2023-07-03T00:13:28 IST" skipped="0">
  <testcase classname="api.test.UserTest" name="testPostUser" time="3.271"/>
  <system-out/>
  <testcase classname="api.test.UserTest" name="testGetUserByName" time="1.448"/>
  <system-out/>
  <testcase classname="api.test.UserTest" name="updateUserName" time="3.476"/>
  <system-out/>
  <testcase classname="api.test.UserTest" name="deletebyUserName" time="1.595"/>
  <system-out/>
</testsuite> <!-- api.test.UserTest -->
